*********************************************
 Temperature: 3.6, pression: 669.2, hygrometrie: 69.0
 Code bonnette: 0
******************* NOUVELLE POSE *********************
Objet = ADS 3314 (0.54, 248)     Seeing insufficiente, stretta.
 Alpha =  4 H 34 m 43.6 s  Delta =  11 D 29' 57"  (Equin=2000.00) 
---> Debut: 18 H 03 m 31 s (T.U.) le 06/01/2016.
 Roues:   AS 1  EN 1  CH 6  MA 5  DA 6  DB 6  FA 3  FB 3  GR 5
 Ang. horaire = 21 H  5 m 58 s  Hauteur = 39.8 (deg)  M. d'air = 1.56 
 Bonnette: 0  Filtre: 644.00 70.   R       RA: 0388  RB: 0501
---> Fin: 18 H 13 m 40 s (T.U.)   (Temps de pose:  0 H 10 m  8 s)
******************* NOUVELLE POSE *********************
Objet = HD 29286    Seeing cattivo, stella singola.
 Alpha =  4 H 37 m 59.8 s  Delta =  10 D 52' 59"  (Equin=2000.00) 
---> Debut: 18 H 16 m 43 s (T.U.) le 06/01/2016.
 Roues:   AS 1  EN 1  CH 6  MA 5  DA 6  DB 6  FA 3  FB 3  GR 5
 Ang. horaire = 21 H 17 m 37 s  Hauteur = 41.0 (deg)  M. d'air = 1.52 
 Bonnette: 0  Filtre: 644.00 70.   R       RA: 0382  RB: 0496
---> Fin: 18 H 25 m 43 s (T.U.)   (Temps de pose:  0 H  9 m  0 s)
******************* NOUVELLE POSE *********************
Objet = ADS 1908 (1.72, 26)     Seeing cattivo, larga.
 Alpha =  2 H 31 m 15.9 s  Delta =  47 D  2' 31"  (Equin=2000.00) 
---> Debut: 18 H 34 m 25 s (T.U.) le 06/01/2016.
 Roues:   AS 1  EN 1  CH 6  MA 5  DA 6  DB 6  FA 3  FB 3  GR 5
 Ang. horaire = 23 H 41 m 16 s  Hauteur = 86.5 (deg)  M. d'air = 1.00 
 Bonnette: 0  Filtre: 644.00 70.   R       RA: 0449  RB: 0603
---> Fin: 18 H 45 m 51 s (T.U.)   (Temps de pose:  0 H 11 m 25 s)
******************* NOUVELLE POSE *********************
Objet = HD 13679    Seeing insufficiente, singola.
 Alpha =  2 H 14 m 46.4 s  Delta =  46 D 41' 15"  (Equin=2000.00) 
---> Debut: 18 H 49 m 44 s (T.U.) le 06/01/2016.
 Roues:   AS 1  EN 1  CH 6  MA 5  DA 6  DB 6  FA 3  FB 3  GR 3
 Ang. horaire =  0 H 13 m 41 s  Hauteur = 87.4 (deg)  M. d'air = 1.00 
 Bonnette: 0  Filtre: 644.00 70.   R       RA: 0067  RB: 0222
---> Fin: 19 H 00 m 33 s (T.U.)   (Temps de pose:  0 H 10 m 49 s)
******************* NOUVELLE POSE *********************
Objet = ADS 2010 (0.58, 227)     Seeing insufficiente, stretta.
 Alpha =  2 H 39 m 20.6 s  Delta =  25 D 52' 17"  (Equin=2000.00) 
---> Debut: 19 H 06 m 57 s (T.U.) le 06/01/2016.
 Roues:   AS 1  EN 1  CH 6  MA 5  DA 6  DB 6  FA 3  FB 3  GR 5
 Ang. horaire =  0 H  5 m 38 s  Hauteur = 70.2 (deg)  M. d'air = 1.06 
 Bonnette: 0  Filtre: 644.00 70.   R       RA: 0254  RB: 0397
---> Fin: 19 H 12 m 17 s (T.U.)   (Temps de pose:  0 H  5 m 19 s)
******************* NOUVELLE POSE *********************
Objet = ADS 2043 (0.88, 261)     Seeing insufficiente, stretta, dm.
 Alpha =  2 H 40 m 56.6 s  Delta =   4 D 52' 14"  (Equin=2000.00) 
---> Debut: 19 H 18 m 27 s (T.U.) le 06/01/2016.
 Roues:   AS 1  EN 1  CH 6  MA 5  DA 6  DB 6  FA 3  FB 3  GR 5
 Ang. horaire =  0 H 16 m 44 s  Hauteur = 49.1 (deg)  M. d'air = 1.32 
 Bonnette: 0  Filtre: 644.00 70.   R       RA: 0259  RB: 0384
 Commenti: Il programma di acquisizione si è bloccato.
---> Fin: 19 H 30 m 09 s (T.U.)   (Temps de pose:  0 H 11 m 42 s)
******************* NOUVELLE POSE *********************
Objet = HD 18162    Seeing insufficiente, singola.
 Alpha =  2 H 55 m 8.2 s  Delta =   3 D 29' 12"  (Equin=2000.00) 
---> Debut: 19 H 37 m 11 s (T.U.) le 06/01/2016.
 Roues:   AS 1  EN 1  CH 6  MA 5  DA 6  DB 6  FA 3  FB 3  GR 5
 Ang. horaire =  0 H 20 m 50 s  Hauteur = 47.6 (deg)  M. d'air = 1.35 
 Bonnette: 0  Filtre: 644.00 70.   R       RA: 0257  RB: 0380
---> Fin: 19 H 43 m 46 s (T.U.)   (Temps de pose:  0 H  6 m 35 s)
******************* NOUVELLE POSE *********************
Objet = ADS 2117AB (0.93, 216)     Seeing sufficiente, stretta, forte dm.
 Alpha =  2 H 47 m 3.6 s  Delta =  35 D 33' 17"  (Equin=2000.00) 
---> Debut: 19 H 52 m 09 s (T.U.) le 06/01/2016.
 Roues:   AS 1  EN 1  CH 6  MA 5  DA 6  DB 6  FA 3  FB 3  GR 5
 Ang. horaire =  0 H 44 m 15 s  Hauteur = 76.9 (deg)  M. d'air = 1.03 
 Bonnette: 0  Filtre: 644.00 70.   R       RA: 0156  RB: 0304
---> Fin: 19 H 59 m 08 s (T.U.)   (Temps de pose:  0 H  6 m 58 s)
******************* NOUVELLE POSE *********************
Objet = ADS 3358AB-C (0.70, 182)    Seeing sufficiente, stretta, dm.
 Alpha =  4 H 39 m 58.0 s  Delta =  53 D 28' 22"  (Equin=2000.00) 
---> Debut: 21 H 04 m 24 s (T.U.) le 06/01/2016.
 Roues:   AS 1  EN 1  CH 6  MA 5  DA 6  DB 6  FA 3  FB 3  GR 5
 Ang. horaire =  0 H  2 m 56 s  Hauteur = 82.2 (deg)  M. d'air = 1.01 
 Bonnette: 0  Filtre: 644.00 70.   R       RA: 0247  RB: 0398
---> Fin: 21 H 12 m 36 s (T.U.)   (Temps de pose:  0 H  8 m 12 s)
******************* NOUVELLE POSE *********************
Objet = HD 26961    Seeing più che sufficiente, singola.
 Alpha =  4 H 18 m 14.6 s  Delta =  50 D 17' 42"  (Equin=2000.00) 
---> Debut: 21 H 16 m 48 s (T.U.) le 06/01/2016.
 Roues:   AS 1  EN 1  CH 6  MA 5  DA 6  DB 6  FA 3  FB 3  GR 5
 Ang. horaire =  0 H 37 m 26 s  Hauteur = 82.2 (deg)  M. d'air = 1.01 
 Bonnette: 0  Filtre: 644.00 70.   R       RA: 0096  RB: 0247
---> Fin: 21 H 24 m 13 s (T.U.)   (Temps de pose:  0 H  7 m 24 s)
******************* NOUVELLE POSE *********************
Objet = ADS 4032AB (0.65, 272)     seeing suffciente, stretta.
 Alpha =  5 H 27 m 1.3 s  Delta =  27 D 36' 35"  (Equin=2000.00) 
---> Debut: 21 H 39 m 29 s (T.U.) le 06/01/2016.
 Roues:   AS 1  EN 1  CH 6  MA 5  DA 6  DB 6  FA 3  FB 3  GR 5
 Ang. horaire = 23 H 42 m 31 s  Hauteur = 71.6 (deg)  M. d'air = 1.05 
 Bonnette: 0  Filtre: 644.00 70.   R       RA: 0289  RB: 0433
---> Fin: 21 H 40 m 08 s (T.U.)   (Temps de pose:  0 H  0 m 39 s)
 Commenti: Si è bloccato il programma di acquisizione.
******************* NOUVELLE POSE *********************
Objet = ADS 3870 (0.96, 309)     Seeing sufficiente, stretta.
 Alpha =  5 H 18 m 47.1 s  Delta =  52 D 49' 50"  (Equin=2000.00) 
---> Debut: 21 H 48 m 38 s (T.U.) le 06/01/2016.
 Roues:   AS 1  EN 1  CH 6  MA 5  DA 6  DB 6  FA 3  FB 3  GR 5
 Ang. horaire =  0 H  9 m  8 s  Hauteur = 82.7 (deg)  M. d'air = 1.01 
 Bonnette: 0  Filtre: 644.00 70.   R       RA: 0222  RB: 0374
---> Fin: 21 H 55 m 34 s (T.U.)   (Temps de pose:  0 H  6 m 56 s)
******************* NOUVELLE POSE *********************
Objet = ADS 3932 (1.44, 149)     Seeing sufficiente, larga, dm.
 Alpha =  5 H 22 m 11.0 s  Delta =  45 D  4' 53"  (Equin=2000.00) 
---> Debut: 22 H 25 m 20 s (T.U.) le 06/01/2016.
 Roues:   AS 1  EN 1  CH 6  MA 5  DA 6  DB 6  FA 3  FB 3  GR 5
 Ang. horaire =  0 H 42 m  5 s  Hauteur = 82.6 (deg)  M. d'air = 1.01 
 Bonnette: 0  Filtre: 644.00 70.   R       RA: 0025  RB: 0177
---> Fin: 22 H 32 m 27 s (T.U.)   (Temps de pose:  0 H  7 m  6 s)
******************* NOUVELLE POSE *********************
Objet = ADS 3976 (0.70, 18)     Seeing sufficiente, stretta.
 Alpha =  5 H 24 m 19.1 s  Delta =  39 D 38' 38"  (Equin=2000.00) 
---> Debut: 22 H 38 m 28 s (T.U.) le 06/01/2016.
 Roues:   AS 1  EN 1  CH 6  MA 5  DA 6  DB 6  FA 3  FB 3  GR 5
 Ang. horaire =  0 H 53 m 19 s  Hauteur = 78.5 (deg)  M. d'air = 1.02 
 Bonnette: 0  Filtre: 644.00 70.   R       RA: 0105  RB: 0254
---> Fin: 22 H 44 m 58 s (T.U.)   (Temps de pose:  0 H  6 m 30 s)
******************* NOUVELLE POSE *********************
Objet = ADS 3981AB (1.04, 9)     Seeing sufficiente, larga.
 Alpha =  5 H 24 m 1.1 s  Delta =  24 D 57' 36"  (Equin=2000.00) 
---> Debut: 22 H 50 m 21 s (T.U.) le 06/01/2016.
 Roues:   AS 1  EN 1  CH 6  MA 5  DA 6  DB 6  FA 3  FB 3  GR 5
 Ang. horaire =  1 H  6 m  2 s  Hauteur = 65.4 (deg)  M. d'air = 1.10 
 Bonnette: 0  Filtre: 644.00 70.   R       RA: 0183  RB: 0323
 Commenti: Si è bloccato il programma AndorSpeck2.
---> Fin: 23 H 01 m 07 s (T.U.)   (Temps de pose:  0 H 10 m 46 s)
 Commenti: Il cielo si copre.  Serata buona, seeing meno buono all'inizio
 Commenti: poi migliora.  Chiudo.
